<testsuites id="" name="" tests="10" failures="10" skipped="0" errors="0" time="71.478602">
<testsuite name="modules/login-signup/login-signup.spec.ts" timestamp="2025-07-10T06:39:02.205Z" hostname="chromium" tests="1" failures="1" skipped="0" time="0.007" errors="0">
<testcase name="Login/SignUp Module - Comprehensive Testing › 🔐 Email/Password Authentication › should login existing user with email and password @functional @login" classname="modules/login-signup/login-signup.spec.ts" time="0.007">
<failure message="login-signup.spec.ts:100:9 should login existing user with email and password @functional @login" type="FAILURE">
<![CDATA[  [chromium] › modules/login-signup/login-signup.spec.ts:100:9 › Login/SignUp Module - Comprehensive Testing › 🔐 Email/Password Authentication › should login existing user with email and password @functional @login 

    Error: browserType.launch: Chromium distribution 'chrome' is not found at /opt/google/chrome/chrome
    Run "npx playwright install chrome"

    attachment #1: trace (application/zip) ─────────────────────────────────────────────────────────
    test-results/modules-login-signup-login-bd294-d-password-functional-login-chromium/trace.zip
    Usage:

        npx playwright show-trace test-results/modules-login-signup-login-bd294-d-password-functional-login-chromium/trace.zip

    ────────────────────────────────────────────────────────────────────────────────────────────────

    Retry #1 ───────────────────────────────────────────────────────────────────────────────────────

    Error: browserType.launch: Chromium distribution 'chrome' is not found at /opt/google/chrome/chrome
    Run "npx playwright install chrome"

    attachment #1: trace (application/zip) ─────────────────────────────────────────────────────────
    test-results/modules-login-signup-login-bd294-d-password-functional-login-chromium-retry1/trace.zip
    Usage:

        npx playwright show-trace test-results/modules-login-signup-login-bd294-d-password-functional-login-chromium-retry1/trace.zip

    ────────────────────────────────────────────────────────────────────────────────────────────────
]]>
</failure>
<system-out>
<![CDATA[
[[ATTACHMENT|modules-login-signup-login-bd294-d-password-functional-login-chromium/trace.zip]]

[[ATTACHMENT|modules-login-signup-login-bd294-d-password-functional-login-chromium-retry1/trace.zip]]
]]>
</system-out>
</testcase>
</testsuite>
<testsuite name="modules/login-signup/login-signup.spec.ts" timestamp="2025-07-10T06:39:02.205Z" hostname="firefox" tests="1" failures="1" skipped="0" time="0.048" errors="0">
<testcase name="Login/SignUp Module - Comprehensive Testing › 🔐 Email/Password Authentication › should login existing user with email and password @functional @login" classname="modules/login-signup/login-signup.spec.ts" time="0.048">
<failure message="login-signup.spec.ts:100:9 should login existing user with email and password @functional @login" type="FAILURE">
<![CDATA[  [firefox] › modules/login-signup/login-signup.spec.ts:100:9 › Login/SignUp Module - Comprehensive Testing › 🔐 Email/Password Authentication › should login existing user with email and password @functional @login 

    Error: browser.newContext: Unknown permission: clipboard-read

    attachment #1: trace (application/zip) ─────────────────────────────────────────────────────────
    test-results/modules-login-signup-login-bd294-d-password-functional-login-firefox/trace.zip
    Usage:

        npx playwright show-trace test-results/modules-login-signup-login-bd294-d-password-functional-login-firefox/trace.zip

    ────────────────────────────────────────────────────────────────────────────────────────────────

    Retry #1 ───────────────────────────────────────────────────────────────────────────────────────

    Error: browser.newContext: Unknown permission: clipboard-read

    attachment #1: trace (application/zip) ─────────────────────────────────────────────────────────
    test-results/modules-login-signup-login-bd294-d-password-functional-login-firefox-retry1/trace.zip
    Usage:

        npx playwright show-trace test-results/modules-login-signup-login-bd294-d-password-functional-login-firefox-retry1/trace.zip

    ────────────────────────────────────────────────────────────────────────────────────────────────
]]>
</failure>
<system-out>
<![CDATA[
[[ATTACHMENT|modules-login-signup-login-bd294-d-password-functional-login-firefox/trace.zip]]

[[ATTACHMENT|modules-login-signup-login-bd294-d-password-functional-login-firefox-retry1/trace.zip]]
]]>
</system-out>
</testcase>
</testsuite>
<testsuite name="modules/login-signup/login-signup.spec.ts" timestamp="2025-07-10T06:39:02.205Z" hostname="webkit" tests="1" failures="1" skipped="0" time="0.008" errors="0">
<testcase name="Login/SignUp Module - Comprehensive Testing › 🔐 Email/Password Authentication › should login existing user with email and password @functional @login" classname="modules/login-signup/login-signup.spec.ts" time="0.008">
<failure message="login-signup.spec.ts:100:9 should login existing user with email and password @functional @login" type="FAILURE">
<![CDATA[  [webkit] › modules/login-signup/login-signup.spec.ts:100:9 › Login/SignUp Module - Comprehensive Testing › 🔐 Email/Password Authentication › should login existing user with email and password @functional @login 

    Error: browserType.launch: 
    ╔══════════════════════════════════════════════════════╗
    ║ Host system is missing dependencies to run browsers. ║
    ║ Missing libraries:                                   ║
    ║     libgstreamer-1.0.so.0                            ║
    ║     libgtk-4.so.1                                    ║
    ║     libgraphene-1.0.so.0                             ║
    ║     libicudata.so.74                                 ║
    ║     libicui18n.so.74                                 ║
    ║     libicuuc.so.74                                   ║
    ║     libxslt.so.1                                     ║
    ║     libwoff2dec.so.1.0.2                             ║
    ║     libvpx.so.9                                      ║
    ║     libevent-2.1.so.7                                ║
    ║     libopus.so.0                                     ║
    ║     libgstallocators-1.0.so.0                        ║
    ║     libgstapp-1.0.so.0                               ║
    ║     libgstbase-1.0.so.0                              ║
    ║     libgstpbutils-1.0.so.0                           ║
    ║     libgstaudio-1.0.so.0                             ║
    ║     libgsttag-1.0.so.0                               ║
    ║     libgstvideo-1.0.so.0                             ║
    ║     libgstgl-1.0.so.0                                ║
    ║     libgstcodecparsers-1.0.so.0                      ║
    ║     libgstfft-1.0.so.0                               ║
    ║     libflite.so.1                                    ║
    ║     libflite_usenglish.so.1                          ║
    ║     libflite_cmu_grapheme_lang.so.1                  ║
    ║     libflite_cmu_grapheme_lex.so.1                   ║
    ║     libflite_cmu_indic_lang.so.1                     ║
    ║     libflite_cmu_indic_lex.so.1                      ║
    ║     libflite_cmulex.so.1                             ║
    ║     libflite_cmu_time_awb.so.1                       ║
    ║     libflite_cmu_us_awb.so.1                         ║
    ║     libflite_cmu_us_kal16.so.1                       ║
    ║     libflite_cmu_us_kal.so.1                         ║
    ║     libflite_cmu_us_rms.so.1                         ║
    ║     libflite_cmu_us_slt.so.1                         ║
    ║     libavif.so.16                                    ║
    ║     libharfbuzz-icu.so.0                             ║
    ║     libwebpmux.so.3                                  ║
    ║     libenchant-2.so.2                                ║
    ║     libsecret-1.so.0                                 ║
    ║     libhyphen.so.0                                   ║
    ║     libmanette-0.2.so.0                              ║
    ║     libGLESv2.so.2                                   ║
    ║     libx264.so                                       ║
    ╚══════════════════════════════════════════════════════╝

    attachment #1: trace (application/zip) ─────────────────────────────────────────────────────────
    test-results/modules-login-signup-login-bd294-d-password-functional-login-webkit/trace.zip
    Usage:

        npx playwright show-trace test-results/modules-login-signup-login-bd294-d-password-functional-login-webkit/trace.zip

    ────────────────────────────────────────────────────────────────────────────────────────────────

    Retry #1 ───────────────────────────────────────────────────────────────────────────────────────

    Error: browserType.launch: 
    ╔══════════════════════════════════════════════════════╗
    ║ Host system is missing dependencies to run browsers. ║
    ║ Missing libraries:                                   ║
    ║     libgstreamer-1.0.so.0                            ║
    ║     libgtk-4.so.1                                    ║
    ║     libgraphene-1.0.so.0                             ║
    ║     libicudata.so.74                                 ║
    ║     libicui18n.so.74                                 ║
    ║     libicuuc.so.74                                   ║
    ║     libxslt.so.1                                     ║
    ║     libwoff2dec.so.1.0.2                             ║
    ║     libvpx.so.9                                      ║
    ║     libevent-2.1.so.7                                ║
    ║     libopus.so.0                                     ║
    ║     libgstallocators-1.0.so.0                        ║
    ║     libgstapp-1.0.so.0                               ║
    ║     libgstbase-1.0.so.0                              ║
    ║     libgstpbutils-1.0.so.0                           ║
    ║     libgstaudio-1.0.so.0                             ║
    ║     libgsttag-1.0.so.0                               ║
    ║     libgstvideo-1.0.so.0                             ║
    ║     libgstgl-1.0.so.0                                ║
    ║     libgstcodecparsers-1.0.so.0                      ║
    ║     libgstfft-1.0.so.0                               ║
    ║     libflite.so.1                                    ║
    ║     libflite_usenglish.so.1                          ║
    ║     libflite_cmu_grapheme_lang.so.1                  ║
    ║     libflite_cmu_grapheme_lex.so.1                   ║
    ║     libflite_cmu_indic_lang.so.1                     ║
    ║     libflite_cmu_indic_lex.so.1                      ║
    ║     libflite_cmulex.so.1                             ║
    ║     libflite_cmu_time_awb.so.1                       ║
    ║     libflite_cmu_us_awb.so.1                         ║
    ║     libflite_cmu_us_kal16.so.1                       ║
    ║     libflite_cmu_us_kal.so.1                         ║
    ║     libflite_cmu_us_rms.so.1                         ║
    ║     libflite_cmu_us_slt.so.1                         ║
    ║     libavif.so.16                                    ║
    ║     libharfbuzz-icu.so.0                             ║
    ║     libwebpmux.so.3                                  ║
    ║     libenchant-2.so.2                                ║
    ║     libsecret-1.so.0                                 ║
    ║     libhyphen.so.0                                   ║
    ║     libmanette-0.2.so.0                              ║
    ║     libGLESv2.so.2                                   ║
    ║     libx264.so                                       ║
    ╚══════════════════════════════════════════════════════╝

    attachment #1: trace (application/zip) ─────────────────────────────────────────────────────────
    test-results/modules-login-signup-login-bd294-d-password-functional-login-webkit-retry1/trace.zip
    Usage:

        npx playwright show-trace test-results/modules-login-signup-login-bd294-d-password-functional-login-webkit-retry1/trace.zip

    ────────────────────────────────────────────────────────────────────────────────────────────────
]]>
</failure>
<system-out>
<![CDATA[
[[ATTACHMENT|modules-login-signup-login-bd294-d-password-functional-login-webkit/trace.zip]]

[[ATTACHMENT|modules-login-signup-login-bd294-d-password-functional-login-webkit-retry1/trace.zip]]
]]>
</system-out>
</testcase>
</testsuite>
<testsuite name="modules/login-signup/login-signup.spec.ts" timestamp="2025-07-10T06:39:02.205Z" hostname="mobile-chrome" tests="1" failures="1" skipped="0" time="41.717" errors="0">
<testcase name="Login/SignUp Module - Comprehensive Testing › 🔐 Email/Password Authentication › should login existing user with email and password @functional @login" classname="modules/login-signup/login-signup.spec.ts" time="41.717">
<failure message="login-signup.spec.ts:100:9 should login existing user with email and password @functional @login" type="FAILURE">
<![CDATA[  [mobile-chrome] › modules/login-signup/login-signup.spec.ts:100:9 › Login/SignUp Module - Comprehensive Testing › 🔐 Email/Password Authentication › should login existing user with email and password @functional @login › Open login modal and switch to email login 

    TimeoutError: page.click: Timeout 15000ms exceeded.
    Call log:
      - waiting for locator('text="Login/SignUp"')
        - locator resolved to <button class="border px-4 py-2">Login/SignUp</button>
      - attempting click action
        2 × waiting for element to be visible, enabled and stable
          - element is not visible
        - retrying click action
        - waiting 20ms
        2 × waiting for element to be visible, enabled and stable
          - element is not visible
        - retrying click action
          - waiting 100ms
        28 × waiting for element to be visible, enabled and stable
           - element is not visible
         - retrying click action
           - waiting 500ms


      102 |       
      103 |       await test.step('Open login modal and switch to email login', async () => {
    > 104 |         await page.click('text="Login/SignUp"');
          |                    ^
      105 |         await page.waitForTimeout(2000);
      106 |         
      107 |         // Click "Login with Email" to switch to email/password form
        at /workspace/easemyresearch-playwright-tests/tests/modules/login-signup/login-signup.spec.ts:104:20
        at /workspace/easemyresearch-playwright-tests/tests/modules/login-signup/login-signup.spec.ts:103:18

    attachment #1: screenshot (image/png) ──────────────────────────────────────────────────────────
    test-results/modules-login-signup-login-bd294-d-password-functional-login-mobile-chrome/test-failed-1.png
    ────────────────────────────────────────────────────────────────────────────────────────────────

    attachment #2: video (video/webm) ──────────────────────────────────────────────────────────────
    test-results/modules-login-signup-login-bd294-d-password-functional-login-mobile-chrome/video.webm
    ────────────────────────────────────────────────────────────────────────────────────────────────

    Error Context: ../test-results/modules-login-signup-login-bd294-d-password-functional-login-mobile-chrome/error-context.md

    attachment #4: trace (application/zip) ─────────────────────────────────────────────────────────
    test-results/modules-login-signup-login-bd294-d-password-functional-login-mobile-chrome/trace.zip
    Usage:

        npx playwright show-trace test-results/modules-login-signup-login-bd294-d-password-functional-login-mobile-chrome/trace.zip

    ────────────────────────────────────────────────────────────────────────────────────────────────

    Retry #1 ───────────────────────────────────────────────────────────────────────────────────────

    TimeoutError: page.click: Timeout 15000ms exceeded.
    Call log:
      - waiting for locator('text="Login/SignUp"')
        - locator resolved to <button class="border px-4 py-2">Login/SignUp</button>
      - attempting click action
        2 × waiting for element to be visible, enabled and stable
          - element is not visible
        - retrying click action
        - waiting 20ms
        2 × waiting for element to be visible, enabled and stable
          - element is not visible
        - retrying click action
          - waiting 100ms
        28 × waiting for element to be visible, enabled and stable
           - element is not visible
         - retrying click action
           - waiting 500ms


      102 |       
      103 |       await test.step('Open login modal and switch to email login', async () => {
    > 104 |         await page.click('text="Login/SignUp"');
          |                    ^
      105 |         await page.waitForTimeout(2000);
      106 |         
      107 |         // Click "Login with Email" to switch to email/password form
        at /workspace/easemyresearch-playwright-tests/tests/modules/login-signup/login-signup.spec.ts:104:20
        at /workspace/easemyresearch-playwright-tests/tests/modules/login-signup/login-signup.spec.ts:103:18

    attachment #1: screenshot (image/png) ──────────────────────────────────────────────────────────
    test-results/modules-login-signup-login-bd294-d-password-functional-login-mobile-chrome-retry1/test-failed-1.png
    ────────────────────────────────────────────────────────────────────────────────────────────────

    attachment #2: video (video/webm) ──────────────────────────────────────────────────────────────
    test-results/modules-login-signup-login-bd294-d-password-functional-login-mobile-chrome-retry1/video.webm
    ────────────────────────────────────────────────────────────────────────────────────────────────

    Error Context: ../test-results/modules-login-signup-login-bd294-d-password-functional-login-mobile-chrome-retry1/error-context.md

    attachment #4: trace (application/zip) ─────────────────────────────────────────────────────────
    test-results/modules-login-signup-login-bd294-d-password-functional-login-mobile-chrome-retry1/trace.zip
    Usage:

        npx playwright show-trace test-results/modules-login-signup-login-bd294-d-password-functional-login-mobile-chrome-retry1/trace.zip

    ────────────────────────────────────────────────────────────────────────────────────────────────
]]>
</failure>
<system-out>
<![CDATA[🧪 Testing email/password login...

[[ATTACHMENT|modules-login-signup-login-bd294-d-password-functional-login-mobile-chrome/test-failed-1.png]]

[[ATTACHMENT|modules-login-signup-login-bd294-d-password-functional-login-mobile-chrome/video.webm]]

[[ATTACHMENT|modules-login-signup-login-bd294-d-password-functional-login-mobile-chrome/error-context.md]]

[[ATTACHMENT|modules-login-signup-login-bd294-d-password-functional-login-mobile-chrome/trace.zip]]
🧪 Testing email/password login...

[[ATTACHMENT|modules-login-signup-login-bd294-d-password-functional-login-mobile-chrome-retry1/test-failed-1.png]]

[[ATTACHMENT|modules-login-signup-login-bd294-d-password-functional-login-mobile-chrome-retry1/video.webm]]

[[ATTACHMENT|modules-login-signup-login-bd294-d-password-functional-login-mobile-chrome-retry1/error-context.md]]

[[ATTACHMENT|modules-login-signup-login-bd294-d-password-functional-login-mobile-chrome-retry1/trace.zip]]
]]>
</system-out>
</testcase>
</testsuite>
<testsuite name="modules/login-signup/login-signup.spec.ts" timestamp="2025-07-10T06:39:02.205Z" hostname="mobile-safari" tests="1" failures="1" skipped="0" time="0.006" errors="0">
<testcase name="Login/SignUp Module - Comprehensive Testing › 🔐 Email/Password Authentication › should login existing user with email and password @functional @login" classname="modules/login-signup/login-signup.spec.ts" time="0.006">
<failure message="login-signup.spec.ts:100:9 should login existing user with email and password @functional @login" type="FAILURE">
<![CDATA[  [mobile-safari] › modules/login-signup/login-signup.spec.ts:100:9 › Login/SignUp Module - Comprehensive Testing › 🔐 Email/Password Authentication › should login existing user with email and password @functional @login 

    Error: browserType.launch: 
    ╔══════════════════════════════════════════════════════╗
    ║ Host system is missing dependencies to run browsers. ║
    ║ Missing libraries:                                   ║
    ║     libgstreamer-1.0.so.0                            ║
    ║     libgtk-4.so.1                                    ║
    ║     libgraphene-1.0.so.0                             ║
    ║     libicudata.so.74                                 ║
    ║     libicui18n.so.74                                 ║
    ║     libicuuc.so.74                                   ║
    ║     libxslt.so.1                                     ║
    ║     libwoff2dec.so.1.0.2                             ║
    ║     libvpx.so.9                                      ║
    ║     libevent-2.1.so.7                                ║
    ║     libopus.so.0                                     ║
    ║     libgstallocators-1.0.so.0                        ║
    ║     libgstapp-1.0.so.0                               ║
    ║     libgstbase-1.0.so.0                              ║
    ║     libgstpbutils-1.0.so.0                           ║
    ║     libgstaudio-1.0.so.0                             ║
    ║     libgsttag-1.0.so.0                               ║
    ║     libgstvideo-1.0.so.0                             ║
    ║     libgstgl-1.0.so.0                                ║
    ║     libgstcodecparsers-1.0.so.0                      ║
    ║     libgstfft-1.0.so.0                               ║
    ║     libflite.so.1                                    ║
    ║     libflite_usenglish.so.1                          ║
    ║     libflite_cmu_grapheme_lang.so.1                  ║
    ║     libflite_cmu_grapheme_lex.so.1                   ║
    ║     libflite_cmu_indic_lang.so.1                     ║
    ║     libflite_cmu_indic_lex.so.1                      ║
    ║     libflite_cmulex.so.1                             ║
    ║     libflite_cmu_time_awb.so.1                       ║
    ║     libflite_cmu_us_awb.so.1                         ║
    ║     libflite_cmu_us_kal16.so.1                       ║
    ║     libflite_cmu_us_kal.so.1                         ║
    ║     libflite_cmu_us_rms.so.1                         ║
    ║     libflite_cmu_us_slt.so.1                         ║
    ║     libavif.so.16                                    ║
    ║     libharfbuzz-icu.so.0                             ║
    ║     libwebpmux.so.3                                  ║
    ║     libenchant-2.so.2                                ║
    ║     libsecret-1.so.0                                 ║
    ║     libhyphen.so.0                                   ║
    ║     libmanette-0.2.so.0                              ║
    ║     libGLESv2.so.2                                   ║
    ║     libx264.so                                       ║
    ╚══════════════════════════════════════════════════════╝

    attachment #1: trace (application/zip) ─────────────────────────────────────────────────────────
    test-results/modules-login-signup-login-bd294-d-password-functional-login-mobile-safari/trace.zip
    Usage:

        npx playwright show-trace test-results/modules-login-signup-login-bd294-d-password-functional-login-mobile-safari/trace.zip

    ────────────────────────────────────────────────────────────────────────────────────────────────

    Retry #1 ───────────────────────────────────────────────────────────────────────────────────────

    Error: browserType.launch: 
    ╔══════════════════════════════════════════════════════╗
    ║ Host system is missing dependencies to run browsers. ║
    ║ Missing libraries:                                   ║
    ║     libgstreamer-1.0.so.0                            ║
    ║     libgtk-4.so.1                                    ║
    ║     libgraphene-1.0.so.0                             ║
    ║     libicudata.so.74                                 ║
    ║     libicui18n.so.74                                 ║
    ║     libicuuc.so.74                                   ║
    ║     libxslt.so.1                                     ║
    ║     libwoff2dec.so.1.0.2                             ║
    ║     libvpx.so.9                                      ║
    ║     libevent-2.1.so.7                                ║
    ║     libopus.so.0                                     ║
    ║     libgstallocators-1.0.so.0                        ║
    ║     libgstapp-1.0.so.0                               ║
    ║     libgstbase-1.0.so.0                              ║
    ║     libgstpbutils-1.0.so.0                           ║
    ║     libgstaudio-1.0.so.0                             ║
    ║     libgsttag-1.0.so.0                               ║
    ║     libgstvideo-1.0.so.0                             ║
    ║     libgstgl-1.0.so.0                                ║
    ║     libgstcodecparsers-1.0.so.0                      ║
    ║     libgstfft-1.0.so.0                               ║
    ║     libflite.so.1                                    ║
    ║     libflite_usenglish.so.1                          ║
    ║     libflite_cmu_grapheme_lang.so.1                  ║
    ║     libflite_cmu_grapheme_lex.so.1                   ║
    ║     libflite_cmu_indic_lang.so.1                     ║
    ║     libflite_cmu_indic_lex.so.1                      ║
    ║     libflite_cmulex.so.1                             ║
    ║     libflite_cmu_time_awb.so.1                       ║
    ║     libflite_cmu_us_awb.so.1                         ║
    ║     libflite_cmu_us_kal16.so.1                       ║
    ║     libflite_cmu_us_kal.so.1                         ║
    ║     libflite_cmu_us_rms.so.1                         ║
    ║     libflite_cmu_us_slt.so.1                         ║
    ║     libavif.so.16                                    ║
    ║     libharfbuzz-icu.so.0                             ║
    ║     libwebpmux.so.3                                  ║
    ║     libenchant-2.so.2                                ║
    ║     libsecret-1.so.0                                 ║
    ║     libhyphen.so.0                                   ║
    ║     libmanette-0.2.so.0                              ║
    ║     libGLESv2.so.2                                   ║
    ║     libx264.so                                       ║
    ╚══════════════════════════════════════════════════════╝

    attachment #1: trace (application/zip) ─────────────────────────────────────────────────────────
    test-results/modules-login-signup-login-bd294-d-password-functional-login-mobile-safari-retry1/trace.zip
    Usage:

        npx playwright show-trace test-results/modules-login-signup-login-bd294-d-password-functional-login-mobile-safari-retry1/trace.zip

    ────────────────────────────────────────────────────────────────────────────────────────────────
]]>
</failure>
<system-out>
<![CDATA[
[[ATTACHMENT|modules-login-signup-login-bd294-d-password-functional-login-mobile-safari/trace.zip]]

[[ATTACHMENT|modules-login-signup-login-bd294-d-password-functional-login-mobile-safari-retry1/trace.zip]]
]]>
</system-out>
</testcase>
</testsuite>
<testsuite name="modules/login-signup/login-signup.spec.ts" timestamp="2025-07-10T06:39:02.205Z" hostname="tablet-chrome" tests="1" failures="1" skipped="0" time="20.193" errors="0">
<testcase name="Login/SignUp Module - Comprehensive Testing › 🔐 Email/Password Authentication › should login existing user with email and password @functional @login" classname="modules/login-signup/login-signup.spec.ts" time="20.193">
<failure message="login-signup.spec.ts:100:9 should login existing user with email and password @functional @login" type="FAILURE">
<![CDATA[  [tablet-chrome] › modules/login-signup/login-signup.spec.ts:100:9 › Login/SignUp Module - Comprehensive Testing › 🔐 Email/Password Authentication › should login existing user with email and password @functional @login › Verify successful login 

    Error: expect(received).toBeTruthy()

    Received: false

      145 |           }
      146 |         }
    > 147 |         expect(found).toBeTruthy();
          |                       ^
      148 |       });
      149 |     });
      150 |
        at /workspace/easemyresearch-playwright-tests/tests/modules/login-signup/login-signup.spec.ts:147:23
        at /workspace/easemyresearch-playwright-tests/tests/modules/login-signup/login-signup.spec.ts:130:7

    attachment #1: screenshot (image/png) ──────────────────────────────────────────────────────────
    test-results/modules-login-signup-login-bd294-d-password-functional-login-tablet-chrome/test-failed-1.png
    ────────────────────────────────────────────────────────────────────────────────────────────────

    attachment #2: video (video/webm) ──────────────────────────────────────────────────────────────
    test-results/modules-login-signup-login-bd294-d-password-functional-login-tablet-chrome/video.webm
    ────────────────────────────────────────────────────────────────────────────────────────────────

    Error Context: ../test-results/modules-login-signup-login-bd294-d-password-functional-login-tablet-chrome/error-context.md

    attachment #4: trace (application/zip) ─────────────────────────────────────────────────────────
    test-results/modules-login-signup-login-bd294-d-password-functional-login-tablet-chrome/trace.zip
    Usage:

        npx playwright show-trace test-results/modules-login-signup-login-bd294-d-password-functional-login-tablet-chrome/trace.zip

    ────────────────────────────────────────────────────────────────────────────────────────────────

    Retry #1 ───────────────────────────────────────────────────────────────────────────────────────

    Error: expect(received).toBeTruthy()

    Received: false

      145 |           }
      146 |         }
    > 147 |         expect(found).toBeTruthy();
          |                       ^
      148 |       });
      149 |     });
      150 |
        at /workspace/easemyresearch-playwright-tests/tests/modules/login-signup/login-signup.spec.ts:147:23
        at /workspace/easemyresearch-playwright-tests/tests/modules/login-signup/login-signup.spec.ts:130:7

    attachment #1: screenshot (image/png) ──────────────────────────────────────────────────────────
    test-results/modules-login-signup-login-bd294-d-password-functional-login-tablet-chrome-retry1/test-failed-1.png
    ────────────────────────────────────────────────────────────────────────────────────────────────

    attachment #2: video (video/webm) ──────────────────────────────────────────────────────────────
    test-results/modules-login-signup-login-bd294-d-password-functional-login-tablet-chrome-retry1/video.webm
    ────────────────────────────────────────────────────────────────────────────────────────────────

    Error Context: ../test-results/modules-login-signup-login-bd294-d-password-functional-login-tablet-chrome-retry1/error-context.md

    attachment #4: trace (application/zip) ─────────────────────────────────────────────────────────
    test-results/modules-login-signup-login-bd294-d-password-functional-login-tablet-chrome-retry1/trace.zip
    Usage:

        npx playwright show-trace test-results/modules-login-signup-login-bd294-d-password-functional-login-tablet-chrome-retry1/trace.zip

    ────────────────────────────────────────────────────────────────────────────────────────────────
]]>
</failure>
<system-out>
<![CDATA[🧪 Testing email/password login...
✅ Login completed, current URL: https://easemyresearch.com/

[[ATTACHMENT|modules-login-signup-login-bd294-d-password-functional-login-tablet-chrome/test-failed-1.png]]

[[ATTACHMENT|modules-login-signup-login-bd294-d-password-functional-login-tablet-chrome/video.webm]]

[[ATTACHMENT|modules-login-signup-login-bd294-d-password-functional-login-tablet-chrome/error-context.md]]

[[ATTACHMENT|modules-login-signup-login-bd294-d-password-functional-login-tablet-chrome/trace.zip]]
🧪 Testing email/password login...
✅ Login completed, current URL: https://easemyresearch.com/

[[ATTACHMENT|modules-login-signup-login-bd294-d-password-functional-login-tablet-chrome-retry1/test-failed-1.png]]

[[ATTACHMENT|modules-login-signup-login-bd294-d-password-functional-login-tablet-chrome-retry1/video.webm]]

[[ATTACHMENT|modules-login-signup-login-bd294-d-password-functional-login-tablet-chrome-retry1/error-context.md]]

[[ATTACHMENT|modules-login-signup-login-bd294-d-password-functional-login-tablet-chrome-retry1/trace.zip]]
]]>
</system-out>
</testcase>
</testsuite>
<testsuite name="modules/login-signup/login-signup.spec.ts" timestamp="2025-07-10T06:39:02.205Z" hostname="accessibility" tests="1" failures="1" skipped="0" time="20.093" errors="0">
<testcase name="Login/SignUp Module - Comprehensive Testing › 🔐 Email/Password Authentication › should login existing user with email and password @functional @login" classname="modules/login-signup/login-signup.spec.ts" time="20.093">
<failure message="login-signup.spec.ts:100:9 should login existing user with email and password @functional @login" type="FAILURE">
<![CDATA[  [accessibility] › modules/login-signup/login-signup.spec.ts:100:9 › Login/SignUp Module - Comprehensive Testing › 🔐 Email/Password Authentication › should login existing user with email and password @functional @login › Verify successful login 

    Error: expect(received).toBeTruthy()

    Received: false

      145 |           }
      146 |         }
    > 147 |         expect(found).toBeTruthy();
          |                       ^
      148 |       });
      149 |     });
      150 |
        at /workspace/easemyresearch-playwright-tests/tests/modules/login-signup/login-signup.spec.ts:147:23
        at /workspace/easemyresearch-playwright-tests/tests/modules/login-signup/login-signup.spec.ts:130:7

    attachment #1: screenshot (image/png) ──────────────────────────────────────────────────────────
    test-results/modules-login-signup-login-bd294-d-password-functional-login-accessibility/test-failed-1.png
    ────────────────────────────────────────────────────────────────────────────────────────────────

    attachment #2: video (video/webm) ──────────────────────────────────────────────────────────────
    test-results/modules-login-signup-login-bd294-d-password-functional-login-accessibility/video.webm
    ────────────────────────────────────────────────────────────────────────────────────────────────

    Error Context: ../test-results/modules-login-signup-login-bd294-d-password-functional-login-accessibility/error-context.md

    attachment #4: trace (application/zip) ─────────────────────────────────────────────────────────
    test-results/modules-login-signup-login-bd294-d-password-functional-login-accessibility/trace.zip
    Usage:

        npx playwright show-trace test-results/modules-login-signup-login-bd294-d-password-functional-login-accessibility/trace.zip

    ────────────────────────────────────────────────────────────────────────────────────────────────

    Retry #1 ───────────────────────────────────────────────────────────────────────────────────────

    Error: expect(received).toBeTruthy()

    Received: false

      145 |           }
      146 |         }
    > 147 |         expect(found).toBeTruthy();
          |                       ^
      148 |       });
      149 |     });
      150 |
        at /workspace/easemyresearch-playwright-tests/tests/modules/login-signup/login-signup.spec.ts:147:23
        at /workspace/easemyresearch-playwright-tests/tests/modules/login-signup/login-signup.spec.ts:130:7

    attachment #1: screenshot (image/png) ──────────────────────────────────────────────────────────
    test-results/modules-login-signup-login-bd294-d-password-functional-login-accessibility-retry1/test-failed-1.png
    ────────────────────────────────────────────────────────────────────────────────────────────────

    attachment #2: video (video/webm) ──────────────────────────────────────────────────────────────
    test-results/modules-login-signup-login-bd294-d-password-functional-login-accessibility-retry1/video.webm
    ────────────────────────────────────────────────────────────────────────────────────────────────

    Error Context: ../test-results/modules-login-signup-login-bd294-d-password-functional-login-accessibility-retry1/error-context.md

    attachment #4: trace (application/zip) ─────────────────────────────────────────────────────────
    test-results/modules-login-signup-login-bd294-d-password-functional-login-accessibility-retry1/trace.zip
    Usage:

        npx playwright show-trace test-results/modules-login-signup-login-bd294-d-password-functional-login-accessibility-retry1/trace.zip

    ────────────────────────────────────────────────────────────────────────────────────────────────
]]>
</failure>
<system-out>
<![CDATA[🧪 Testing email/password login...
✅ Login completed, current URL: https://easemyresearch.com/

[[ATTACHMENT|modules-login-signup-login-bd294-d-password-functional-login-accessibility/test-failed-1.png]]

[[ATTACHMENT|modules-login-signup-login-bd294-d-password-functional-login-accessibility/video.webm]]

[[ATTACHMENT|modules-login-signup-login-bd294-d-password-functional-login-accessibility/error-context.md]]

[[ATTACHMENT|modules-login-signup-login-bd294-d-password-functional-login-accessibility/trace.zip]]
🧪 Testing email/password login...
✅ Login completed, current URL: https://easemyresearch.com/

[[ATTACHMENT|modules-login-signup-login-bd294-d-password-functional-login-accessibility-retry1/test-failed-1.png]]

[[ATTACHMENT|modules-login-signup-login-bd294-d-password-functional-login-accessibility-retry1/video.webm]]

[[ATTACHMENT|modules-login-signup-login-bd294-d-password-functional-login-accessibility-retry1/error-context.md]]

[[ATTACHMENT|modules-login-signup-login-bd294-d-password-functional-login-accessibility-retry1/trace.zip]]
]]>
</system-out>
</testcase>
</testsuite>
<testsuite name="modules/login-signup/login-signup.spec.ts" timestamp="2025-07-10T06:39:02.205Z" hostname="performance" tests="1" failures="1" skipped="0" time="20.639" errors="0">
<testcase name="Login/SignUp Module - Comprehensive Testing › 🔐 Email/Password Authentication › should login existing user with email and password @functional @login" classname="modules/login-signup/login-signup.spec.ts" time="20.639">
<failure message="login-signup.spec.ts:100:9 should login existing user with email and password @functional @login" type="FAILURE">
<![CDATA[  [performance] › modules/login-signup/login-signup.spec.ts:100:9 › Login/SignUp Module - Comprehensive Testing › 🔐 Email/Password Authentication › should login existing user with email and password @functional @login › Verify successful login 

    Error: expect(received).toBeTruthy()

    Received: false

      145 |           }
      146 |         }
    > 147 |         expect(found).toBeTruthy();
          |                       ^
      148 |       });
      149 |     });
      150 |
        at /workspace/easemyresearch-playwright-tests/tests/modules/login-signup/login-signup.spec.ts:147:23
        at /workspace/easemyresearch-playwright-tests/tests/modules/login-signup/login-signup.spec.ts:130:7

    attachment #1: screenshot (image/png) ──────────────────────────────────────────────────────────
    test-results/modules-login-signup-login-bd294-d-password-functional-login-performance/test-failed-1.png
    ────────────────────────────────────────────────────────────────────────────────────────────────

    attachment #2: video (video/webm) ──────────────────────────────────────────────────────────────
    test-results/modules-login-signup-login-bd294-d-password-functional-login-performance/video.webm
    ────────────────────────────────────────────────────────────────────────────────────────────────

    Error Context: ../test-results/modules-login-signup-login-bd294-d-password-functional-login-performance/error-context.md

    attachment #4: trace (application/zip) ─────────────────────────────────────────────────────────
    test-results/modules-login-signup-login-bd294-d-password-functional-login-performance/trace.zip
    Usage:

        npx playwright show-trace test-results/modules-login-signup-login-bd294-d-password-functional-login-performance/trace.zip

    ────────────────────────────────────────────────────────────────────────────────────────────────

    Retry #1 ───────────────────────────────────────────────────────────────────────────────────────

    Error: expect(received).toBeTruthy()

    Received: false

      145 |           }
      146 |         }
    > 147 |         expect(found).toBeTruthy();
          |                       ^
      148 |       });
      149 |     });
      150 |
        at /workspace/easemyresearch-playwright-tests/tests/modules/login-signup/login-signup.spec.ts:147:23
        at /workspace/easemyresearch-playwright-tests/tests/modules/login-signup/login-signup.spec.ts:130:7

    attachment #1: screenshot (image/png) ──────────────────────────────────────────────────────────
    test-results/modules-login-signup-login-bd294-d-password-functional-login-performance-retry1/test-failed-1.png
    ────────────────────────────────────────────────────────────────────────────────────────────────

    attachment #2: video (video/webm) ──────────────────────────────────────────────────────────────
    test-results/modules-login-signup-login-bd294-d-password-functional-login-performance-retry1/video.webm
    ────────────────────────────────────────────────────────────────────────────────────────────────

    Error Context: ../test-results/modules-login-signup-login-bd294-d-password-functional-login-performance-retry1/error-context.md

    attachment #4: trace (application/zip) ─────────────────────────────────────────────────────────
    test-results/modules-login-signup-login-bd294-d-password-functional-login-performance-retry1/trace.zip
    Usage:

        npx playwright show-trace test-results/modules-login-signup-login-bd294-d-password-functional-login-performance-retry1/trace.zip

    ────────────────────────────────────────────────────────────────────────────────────────────────
]]>
</failure>
<system-out>
<![CDATA[🧪 Testing email/password login...
✅ Login completed, current URL: https://easemyresearch.com/

[[ATTACHMENT|modules-login-signup-login-bd294-d-password-functional-login-performance/test-failed-1.png]]

[[ATTACHMENT|modules-login-signup-login-bd294-d-password-functional-login-performance/video.webm]]

[[ATTACHMENT|modules-login-signup-login-bd294-d-password-functional-login-performance/error-context.md]]

[[ATTACHMENT|modules-login-signup-login-bd294-d-password-functional-login-performance/trace.zip]]
🧪 Testing email/password login...
✅ Login completed, current URL: https://easemyresearch.com/

[[ATTACHMENT|modules-login-signup-login-bd294-d-password-functional-login-performance-retry1/test-failed-1.png]]

[[ATTACHMENT|modules-login-signup-login-bd294-d-password-functional-login-performance-retry1/video.webm]]

[[ATTACHMENT|modules-login-signup-login-bd294-d-password-functional-login-performance-retry1/error-context.md]]

[[ATTACHMENT|modules-login-signup-login-bd294-d-password-functional-login-performance-retry1/trace.zip]]
]]>
</system-out>
</testcase>
</testsuite>
<testsuite name="modules/login-signup/login-signup.spec.ts" timestamp="2025-07-10T06:39:02.205Z" hostname="microsoft-edge" tests="1" failures="1" skipped="0" time="0.008" errors="0">
<testcase name="Login/SignUp Module - Comprehensive Testing › 🔐 Email/Password Authentication › should login existing user with email and password @functional @login" classname="modules/login-signup/login-signup.spec.ts" time="0.008">
<failure message="login-signup.spec.ts:100:9 should login existing user with email and password @functional @login" type="FAILURE">
<![CDATA[  [microsoft-edge] › modules/login-signup/login-signup.spec.ts:100:9 › Login/SignUp Module - Comprehensive Testing › 🔐 Email/Password Authentication › should login existing user with email and password @functional @login 

    Error: browserType.launch: Chromium distribution 'msedge' is not found at /opt/microsoft/msedge/msedge
    Run "npx playwright install msedge"

    attachment #1: trace (application/zip) ─────────────────────────────────────────────────────────
    test-results/modules-login-signup-login-bd294-d-password-functional-login-microsoft-edge/trace.zip
    Usage:

        npx playwright show-trace test-results/modules-login-signup-login-bd294-d-password-functional-login-microsoft-edge/trace.zip

    ────────────────────────────────────────────────────────────────────────────────────────────────

    Retry #1 ───────────────────────────────────────────────────────────────────────────────────────

    Error: browserType.launch: Chromium distribution 'msedge' is not found at /opt/microsoft/msedge/msedge
    Run "npx playwright install msedge"

    attachment #1: trace (application/zip) ─────────────────────────────────────────────────────────
    test-results/modules-login-signup-login-bd294-d-password-functional-login-microsoft-edge-retry1/trace.zip
    Usage:

        npx playwright show-trace test-results/modules-login-signup-login-bd294-d-password-functional-login-microsoft-edge-retry1/trace.zip

    ────────────────────────────────────────────────────────────────────────────────────────────────
]]>
</failure>
<system-out>
<![CDATA[
[[ATTACHMENT|modules-login-signup-login-bd294-d-password-functional-login-microsoft-edge/trace.zip]]

[[ATTACHMENT|modules-login-signup-login-bd294-d-password-functional-login-microsoft-edge-retry1/trace.zip]]
]]>
</system-out>
</testcase>
</testsuite>
<testsuite name="modules/login-signup/login-signup.spec.ts" timestamp="2025-07-10T06:39:02.205Z" hostname="google-chrome" tests="1" failures="1" skipped="0" time="0.007" errors="0">
<testcase name="Login/SignUp Module - Comprehensive Testing › 🔐 Email/Password Authentication › should login existing user with email and password @functional @login" classname="modules/login-signup/login-signup.spec.ts" time="0.007">
<failure message="login-signup.spec.ts:100:9 should login existing user with email and password @functional @login" type="FAILURE">
<![CDATA[  [google-chrome] › modules/login-signup/login-signup.spec.ts:100:9 › Login/SignUp Module - Comprehensive Testing › 🔐 Email/Password Authentication › should login existing user with email and password @functional @login 

    Error: browserType.launch: Chromium distribution 'chrome' is not found at /opt/google/chrome/chrome
    Run "npx playwright install chrome"

    attachment #1: trace (application/zip) ─────────────────────────────────────────────────────────
    test-results/modules-login-signup-login-bd294-d-password-functional-login-google-chrome/trace.zip
    Usage:

        npx playwright show-trace test-results/modules-login-signup-login-bd294-d-password-functional-login-google-chrome/trace.zip

    ────────────────────────────────────────────────────────────────────────────────────────────────

    Retry #1 ───────────────────────────────────────────────────────────────────────────────────────

    Error: browserType.launch: Chromium distribution 'chrome' is not found at /opt/google/chrome/chrome
    Run "npx playwright install chrome"

    attachment #1: trace (application/zip) ─────────────────────────────────────────────────────────
    test-results/modules-login-signup-login-bd294-d-password-functional-login-google-chrome-retry1/trace.zip
    Usage:

        npx playwright show-trace test-results/modules-login-signup-login-bd294-d-password-functional-login-google-chrome-retry1/trace.zip

    ────────────────────────────────────────────────────────────────────────────────────────────────
]]>
</failure>
<system-out>
<![CDATA[
[[ATTACHMENT|modules-login-signup-login-bd294-d-password-functional-login-google-chrome/trace.zip]]

[[ATTACHMENT|modules-login-signup-login-bd294-d-password-functional-login-google-chrome-retry1/trace.zip]]
]]>
</system-out>
</testcase>
</testsuite>
</testsuites>